Copyright 1986-2019 Xilinx, Inc. All Rights Reserved.
-----------------------------------------------------------------------------------------------------------------------------------------------------------------------------
| Tool Version : Vivado v.2018.3.1 (win64) Build 2489853 Tue Mar 26 04:20:25 MDT 2019
| Date         : Mon Apr 10 00:59:15 2023
| Host         : YaowenHu running 64-bit major release  (build 9200)
| Command      : report_methodology -file IntMatProCore_methodology_drc_routed.rpt -pb IntMatProCore_methodology_drc_routed.pb -rpx IntMatProCore_methodology_drc_routed.rpx
| Design       : IntMatProCore
| Device       : xc7a15tcsg324-1
| Speed File   : -1
| Design State : Fully Routed
-----------------------------------------------------------------------------------------------------------------------------------------------------------------------------

Report Methodology

Table of Contents
-----------------
1. REPORT SUMMARY
2. REPORT DETAILS

1. REPORT SUMMARY
-----------------
            Netlist: netlist
          Floorplan: design_1
      Design limits: <entire design considered>
             Max violations: <unlimited>
             Violations found: 106
+-----------+----------+-------------------------------+------------+
| Rule      | Severity | Description                   | Violations |
+-----------+----------+-------------------------------+------------+
| TIMING-18 | Warning  | Missing input or output delay | 106        |
+-----------+----------+-------------------------------+------------+

2. REPORT DETAILS
-----------------
TIMING-18#1 Warning
Missing input or output delay  
An input delay is missing on BufferSel[0] relative to clock(s) Clock
Related violations: <none>

TIMING-18#2 Warning
Missing input or output delay  
An input delay is missing on BufferSel[1] relative to clock(s) Clock
Related violations: <none>

TIMING-18#3 Warning
Missing input or output delay  
An input delay is missing on ReadAddress[0] relative to clock(s) Clock
Related violations: <none>

TIMING-18#4 Warning
Missing input or output delay  
An input delay is missing on ReadAddress[1] relative to clock(s) Clock
Related violations: <none>

TIMING-18#5 Warning
Missing input or output delay  
An input delay is missing on ReadAddress[2] relative to clock(s) Clock
Related violations: <none>

TIMING-18#6 Warning
Missing input or output delay  
An input delay is missing on ReadAddress[3] relative to clock(s) Clock
Related violations: <none>

TIMING-18#7 Warning
Missing input or output delay  
An input delay is missing on ReadAddress[4] relative to clock(s) Clock
Related violations: <none>

TIMING-18#8 Warning
Missing input or output delay  
An input delay is missing on ReadAddress[5] relative to clock(s) Clock
Related violations: <none>

TIMING-18#9 Warning
Missing input or output delay  
An input delay is missing on ReadAddress[6] relative to clock(s) Clock
Related violations: <none>

TIMING-18#10 Warning
Missing input or output delay  
An input delay is missing on ReadAddress[7] relative to clock(s) Clock
Related violations: <none>

TIMING-18#11 Warning
Missing input or output delay  
An input delay is missing on ReadAddress[8] relative to clock(s) Clock
Related violations: <none>

TIMING-18#12 Warning
Missing input or output delay  
An input delay is missing on ReadAddress[9] relative to clock(s) Clock
Related violations: <none>

TIMING-18#13 Warning
Missing input or output delay  
An input delay is missing on ReadEnable relative to clock(s) Clock
Related violations: <none>

TIMING-18#14 Warning
Missing input or output delay  
An input delay is missing on Reset relative to clock(s) Clock
Related violations: <none>

TIMING-18#15 Warning
Missing input or output delay  
An input delay is missing on WriteAddress[0] relative to clock(s) Clock
Related violations: <none>

TIMING-18#16 Warning
Missing input or output delay  
An input delay is missing on WriteAddress[1] relative to clock(s) Clock
Related violations: <none>

TIMING-18#17 Warning
Missing input or output delay  
An input delay is missing on WriteAddress[2] relative to clock(s) Clock
Related violations: <none>

TIMING-18#18 Warning
Missing input or output delay  
An input delay is missing on WriteAddress[3] relative to clock(s) Clock
Related violations: <none>

TIMING-18#19 Warning
Missing input or output delay  
An input delay is missing on WriteAddress[4] relative to clock(s) Clock
Related violations: <none>

TIMING-18#20 Warning
Missing input or output delay  
An input delay is missing on WriteAddress[5] relative to clock(s) Clock
Related violations: <none>

TIMING-18#21 Warning
Missing input or output delay  
An input delay is missing on WriteAddress[6] relative to clock(s) Clock
Related violations: <none>

TIMING-18#22 Warning
Missing input or output delay  
An input delay is missing on WriteAddress[7] relative to clock(s) Clock
Related violations: <none>

TIMING-18#23 Warning
Missing input or output delay  
An input delay is missing on WriteAddress[8] relative to clock(s) Clock
Related violations: <none>

TIMING-18#24 Warning
Missing input or output delay  
An input delay is missing on WriteAddress[9] relative to clock(s) Clock
Related violations: <none>

TIMING-18#25 Warning
Missing input or output delay  
An input delay is missing on WriteData[0] relative to clock(s) Clock
Related violations: <none>

TIMING-18#26 Warning
Missing input or output delay  
An input delay is missing on WriteData[10] relative to clock(s) Clock
Related violations: <none>

TIMING-18#27 Warning
Missing input or output delay  
An input delay is missing on WriteData[11] relative to clock(s) Clock
Related violations: <none>

TIMING-18#28 Warning
Missing input or output delay  
An input delay is missing on WriteData[12] relative to clock(s) Clock
Related violations: <none>

TIMING-18#29 Warning
Missing input or output delay  
An input delay is missing on WriteData[13] relative to clock(s) Clock
Related violations: <none>

TIMING-18#30 Warning
Missing input or output delay  
An input delay is missing on WriteData[14] relative to clock(s) Clock
Related violations: <none>

TIMING-18#31 Warning
Missing input or output delay  
An input delay is missing on WriteData[15] relative to clock(s) Clock
Related violations: <none>

TIMING-18#32 Warning
Missing input or output delay  
An input delay is missing on WriteData[1] relative to clock(s) Clock
Related violations: <none>

TIMING-18#33 Warning
Missing input or output delay  
An input delay is missing on WriteData[2] relative to clock(s) Clock
Related violations: <none>

TIMING-18#34 Warning
Missing input or output delay  
An input delay is missing on WriteData[3] relative to clock(s) Clock
Related violations: <none>

TIMING-18#35 Warning
Missing input or output delay  
An input delay is missing on WriteData[4] relative to clock(s) Clock
Related violations: <none>

TIMING-18#36 Warning
Missing input or output delay  
An input delay is missing on WriteData[5] relative to clock(s) Clock
Related violations: <none>

TIMING-18#37 Warning
Missing input or output delay  
An input delay is missing on WriteData[6] relative to clock(s) Clock
Related violations: <none>

TIMING-18#38 Warning
Missing input or output delay  
An input delay is missing on WriteData[7] relative to clock(s) Clock
Related violations: <none>

TIMING-18#39 Warning
Missing input or output delay  
An input delay is missing on WriteData[8] relative to clock(s) Clock
Related violations: <none>

TIMING-18#40 Warning
Missing input or output delay  
An input delay is missing on WriteData[9] relative to clock(s) Clock
Related violations: <none>

TIMING-18#41 Warning
Missing input or output delay  
An input delay is missing on WriteEnable relative to clock(s) Clock
Related violations: <none>

TIMING-18#42 Warning
Missing input or output delay  
An output delay is missing on DataReady relative to clock(s) Clock
Related violations: <none>

TIMING-18#43 Warning
Missing input or output delay  
An output delay is missing on ReadData[0] relative to clock(s) Clock
Related violations: <none>

TIMING-18#44 Warning
Missing input or output delay  
An output delay is missing on ReadData[10] relative to clock(s) Clock
Related violations: <none>

TIMING-18#45 Warning
Missing input or output delay  
An output delay is missing on ReadData[11] relative to clock(s) Clock
Related violations: <none>

TIMING-18#46 Warning
Missing input or output delay  
An output delay is missing on ReadData[12] relative to clock(s) Clock
Related violations: <none>

TIMING-18#47 Warning
Missing input or output delay  
An output delay is missing on ReadData[13] relative to clock(s) Clock
Related violations: <none>

TIMING-18#48 Warning
Missing input or output delay  
An output delay is missing on ReadData[14] relative to clock(s) Clock
Related violations: <none>

TIMING-18#49 Warning
Missing input or output delay  
An output delay is missing on ReadData[15] relative to clock(s) Clock
Related violations: <none>

TIMING-18#50 Warning
Missing input or output delay  
An output delay is missing on ReadData[16] relative to clock(s) Clock
Related violations: <none>

TIMING-18#51 Warning
Missing input or output delay  
An output delay is missing on ReadData[17] relative to clock(s) Clock
Related violations: <none>

TIMING-18#52 Warning
Missing input or output delay  
An output delay is missing on ReadData[18] relative to clock(s) Clock
Related violations: <none>

TIMING-18#53 Warning
Missing input or output delay  
An output delay is missing on ReadData[19] relative to clock(s) Clock
Related violations: <none>

TIMING-18#54 Warning
Missing input or output delay  
An output delay is missing on ReadData[1] relative to clock(s) Clock
Related violations: <none>

TIMING-18#55 Warning
Missing input or output delay  
An output delay is missing on ReadData[20] relative to clock(s) Clock
Related violations: <none>

TIMING-18#56 Warning
Missing input or output delay  
An output delay is missing on ReadData[21] relative to clock(s) Clock
Related violations: <none>

TIMING-18#57 Warning
Missing input or output delay  
An output delay is missing on ReadData[22] relative to clock(s) Clock
Related violations: <none>

TIMING-18#58 Warning
Missing input or output delay  
An output delay is missing on ReadData[23] relative to clock(s) Clock
Related violations: <none>

TIMING-18#59 Warning
Missing input or output delay  
An output delay is missing on ReadData[24] relative to clock(s) Clock
Related violations: <none>

TIMING-18#60 Warning
Missing input or output delay  
An output delay is missing on ReadData[25] relative to clock(s) Clock
Related violations: <none>

TIMING-18#61 Warning
Missing input or output delay  
An output delay is missing on ReadData[26] relative to clock(s) Clock
Related violations: <none>

TIMING-18#62 Warning
Missing input or output delay  
An output delay is missing on ReadData[27] relative to clock(s) Clock
Related violations: <none>

TIMING-18#63 Warning
Missing input or output delay  
An output delay is missing on ReadData[28] relative to clock(s) Clock
Related violations: <none>

TIMING-18#64 Warning
Missing input or output delay  
An output delay is missing on ReadData[29] relative to clock(s) Clock
Related violations: <none>

TIMING-18#65 Warning
Missing input or output delay  
An output delay is missing on ReadData[2] relative to clock(s) Clock
Related violations: <none>

TIMING-18#66 Warning
Missing input or output delay  
An output delay is missing on ReadData[30] relative to clock(s) Clock
Related violations: <none>

TIMING-18#67 Warning
Missing input or output delay  
An output delay is missing on ReadData[31] relative to clock(s) Clock
Related violations: <none>

TIMING-18#68 Warning
Missing input or output delay  
An output delay is missing on ReadData[32] relative to clock(s) Clock
Related violations: <none>

TIMING-18#69 Warning
Missing input or output delay  
An output delay is missing on ReadData[33] relative to clock(s) Clock
Related violations: <none>

TIMING-18#70 Warning
Missing input or output delay  
An output delay is missing on ReadData[34] relative to clock(s) Clock
Related violations: <none>

TIMING-18#71 Warning
Missing input or output delay  
An output delay is missing on ReadData[35] relative to clock(s) Clock
Related violations: <none>

TIMING-18#72 Warning
Missing input or output delay  
An output delay is missing on ReadData[36] relative to clock(s) Clock
Related violations: <none>

TIMING-18#73 Warning
Missing input or output delay  
An output delay is missing on ReadData[37] relative to clock(s) Clock
Related violations: <none>

TIMING-18#74 Warning
Missing input or output delay  
An output delay is missing on ReadData[38] relative to clock(s) Clock
Related violations: <none>

TIMING-18#75 Warning
Missing input or output delay  
An output delay is missing on ReadData[39] relative to clock(s) Clock
Related violations: <none>

TIMING-18#76 Warning
Missing input or output delay  
An output delay is missing on ReadData[3] relative to clock(s) Clock
Related violations: <none>

TIMING-18#77 Warning
Missing input or output delay  
An output delay is missing on ReadData[40] relative to clock(s) Clock
Related violations: <none>

TIMING-18#78 Warning
Missing input or output delay  
An output delay is missing on ReadData[41] relative to clock(s) Clock
Related violations: <none>

TIMING-18#79 Warning
Missing input or output delay  
An output delay is missing on ReadData[42] relative to clock(s) Clock
Related violations: <none>

TIMING-18#80 Warning
Missing input or output delay  
An output delay is missing on ReadData[43] relative to clock(s) Clock
Related violations: <none>

TIMING-18#81 Warning
Missing input or output delay  
An output delay is missing on ReadData[44] relative to clock(s) Clock
Related violations: <none>

TIMING-18#82 Warning
Missing input or output delay  
An output delay is missing on ReadData[45] relative to clock(s) Clock
Related violations: <none>

TIMING-18#83 Warning
Missing input or output delay  
An output delay is missing on ReadData[46] relative to clock(s) Clock
Related violations: <none>

TIMING-18#84 Warning
Missing input or output delay  
An output delay is missing on ReadData[47] relative to clock(s) Clock
Related violations: <none>

TIMING-18#85 Warning
Missing input or output delay  
An output delay is missing on ReadData[48] relative to clock(s) Clock
Related violations: <none>

TIMING-18#86 Warning
Missing input or output delay  
An output delay is missing on ReadData[49] relative to clock(s) Clock
Related violations: <none>

TIMING-18#87 Warning
Missing input or output delay  
An output delay is missing on ReadData[4] relative to clock(s) Clock
Related violations: <none>

TIMING-18#88 Warning
Missing input or output delay  
An output delay is missing on ReadData[50] relative to clock(s) Clock
Related violations: <none>

TIMING-18#89 Warning
Missing input or output delay  
An output delay is missing on ReadData[51] relative to clock(s) Clock
Related violations: <none>

TIMING-18#90 Warning
Missing input or output delay  
An output delay is missing on ReadData[52] relative to clock(s) Clock
Related violations: <none>

TIMING-18#91 Warning
Missing input or output delay  
An output delay is missing on ReadData[53] relative to clock(s) Clock
Related violations: <none>

TIMING-18#92 Warning
Missing input or output delay  
An output delay is missing on ReadData[54] relative to clock(s) Clock
Related violations: <none>

TIMING-18#93 Warning
Missing input or output delay  
An output delay is missing on ReadData[55] relative to clock(s) Clock
Related violations: <none>

TIMING-18#94 Warning
Missing input or output delay  
An output delay is missing on ReadData[56] relative to clock(s) Clock
Related violations: <none>

TIMING-18#95 Warning
Missing input or output delay  
An output delay is missing on ReadData[57] relative to clock(s) Clock
Related violations: <none>

TIMING-18#96 Warning
Missing input or output delay  
An output delay is missing on ReadData[58] relative to clock(s) Clock
Related violations: <none>

TIMING-18#97 Warning
Missing input or output delay  
An output delay is missing on ReadData[59] relative to clock(s) Clock
Related violations: <none>

TIMING-18#98 Warning
Missing input or output delay  
An output delay is missing on ReadData[5] relative to clock(s) Clock
Related violations: <none>

TIMING-18#99 Warning
Missing input or output delay  
An output delay is missing on ReadData[60] relative to clock(s) Clock
Related violations: <none>

TIMING-18#100 Warning
Missing input or output delay  
An output delay is missing on ReadData[61] relative to clock(s) Clock
Related violations: <none>

TIMING-18#101 Warning
Missing input or output delay  
An output delay is missing on ReadData[62] relative to clock(s) Clock
Related violations: <none>

TIMING-18#102 Warning
Missing input or output delay  
An output delay is missing on ReadData[63] relative to clock(s) Clock
Related violations: <none>

TIMING-18#103 Warning
Missing input or output delay  
An output delay is missing on ReadData[6] relative to clock(s) Clock
Related violations: <none>

TIMING-18#104 Warning
Missing input or output delay  
An output delay is missing on ReadData[7] relative to clock(s) Clock
Related violations: <none>

TIMING-18#105 Warning
Missing input or output delay  
An output delay is missing on ReadData[8] relative to clock(s) Clock
Related violations: <none>

TIMING-18#106 Warning
Missing input or output delay  
An output delay is missing on ReadData[9] relative to clock(s) Clock
Related violations: <none>


