Vivado Simulator 2018.3
Copyright 1986-1999, 2001-2018 Xilinx, Inc. All Rights Reserved.
Running: C:/Xilinx/Vivado/2018.3/bin/unwrapped/win64.o/xelab.exe -wto 1c63bb066b9945a0ae6052008900fed3 --incr --debug typical --relax --mt 2 -L xil_defaultlib -L secureip -L xpm --snapshot tb_IntMatProCore_behav xil_defaultlib.tb_IntMatProCore -log elaborate.log 
Using 2 slave threads.
Starting static elaboration
Completed static elaboration
Starting simulation data flow analysis
Completed simulation data flow analysis
Time Resolution for simulation is 1ps
Compiling package std.standard
Compiling package std.textio
Compiling package ieee.std_logic_1164
Compiling package ieee.std_logic_textio
Compiling package ieee.numeric_std
Compiling package unisim.vcomponents
Compiling package ieee.std_logic_arith
Compiling package ieee.std_logic_signed
Compiling package ieee.vital_timing
Compiling package ieee.vital_primitives
Compiling package unisim.vpkg
Compiling architecture gnd_v of entity unisim.GND [gnd_default]
Compiling architecture rb18_internal_vhdl_v of entity unisim.RB18_INTERNAL_VHDL [\RB18_INTERNAL_VHDL(bram_size=18...]
Compiling architecture ramb18e1_v of entity unisim.RAMB18E1 [\RAMB18E1(read_width_a=18,read_w...]
Compiling architecture structure of entity xil_defaultlib.dpram_1024x16_blk_mem_gen_prim_wrapper [dpram_1024x16_blk_mem_gen_prim_w...]
Compiling architecture structure of entity xil_defaultlib.dpram_1024x16_blk_mem_gen_prim_width [dpram_1024x16_blk_mem_gen_prim_w...]
Compiling architecture structure of entity xil_defaultlib.dpram_1024x16_blk_mem_gen_generic_cstr [dpram_1024x16_blk_mem_gen_generi...]
Compiling architecture structure of entity xil_defaultlib.dpram_1024x16_blk_mem_gen_top [dpram_1024x16_blk_mem_gen_top_de...]
Compiling architecture structure of entity xil_defaultlib.dpram_1024x16_blk_mem_gen_v8_4_2_synth [dpram_1024x16_blk_mem_gen_v8_4_2...]
Compiling architecture structure of entity xil_defaultlib.dpram_1024x16_blk_mem_gen_v8_4_2 [dpram_1024x16_blk_mem_gen_v8_4_2...]
Compiling architecture structure of entity xil_defaultlib.dpram_1024x16 [dpram_1024x16_default]
Compiling architecture rb36_internal_vhdl_v of entity unisim.RB36_INTERNAL_VHDL [\RB36_INTERNAL_VHDL(init_a="0000...]
Compiling architecture ramb36e1_v of entity unisim.RAMB36E1 [\RAMB36E1(read_width_a=36,read_w...]
Compiling architecture structure of entity xil_defaultlib.dpram_1024x64_blk_mem_gen_prim_wrapper [dpram_1024x64_blk_mem_gen_prim_w...]
Compiling architecture structure of entity xil_defaultlib.dpram_1024x64_blk_mem_gen_prim_width [dpram_1024x64_blk_mem_gen_prim_w...]
Compiling architecture structure of entity xil_defaultlib.\dpram_1024x64_blk_mem_gen_prim_wrapper__parameterized0\ [\dpram_1024x64_blk_mem_gen_prim_...]
Compiling architecture structure of entity xil_defaultlib.\dpram_1024x64_blk_mem_gen_prim_width__parameterized0\ [\dpram_1024x64_blk_mem_gen_prim_...]
Compiling architecture structure of entity xil_defaultlib.dpram_1024x64_blk_mem_gen_generic_cstr [dpram_1024x64_blk_mem_gen_generi...]
Compiling architecture structure of entity xil_defaultlib.dpram_1024x64_blk_mem_gen_top [dpram_1024x64_blk_mem_gen_top_de...]
Compiling architecture structure of entity xil_defaultlib.dpram_1024x64_blk_mem_gen_v8_4_2_synth [dpram_1024x64_blk_mem_gen_v8_4_2...]
Compiling architecture structure of entity xil_defaultlib.dpram_1024x64_blk_mem_gen_v8_4_2 [dpram_1024x64_blk_mem_gen_v8_4_2...]
Compiling architecture structure of entity xil_defaultlib.dpram_1024x64 [dpram_1024x64_default]
Compiling architecture intmatprocore_arch of entity xil_defaultlib.IntMatProCore [intmatprocore_default]
Compiling architecture tb of entity xil_defaultlib.tb_intmatprocore
Built simulation snapshot tb_IntMatProCore_behav
